Turbo Assembler  Version 1.0        05/21/24 10:08:20         Page 1
NONAME2.ASM

      1 0000                         Code Segment
      2                              Assume CS:Code,DS:Code,SS:Code,ES:Code
      3                              ORG 1000H
      4
      5       = 0018                 PA EQU 18H
      6       = 001A                 PB EQU 1AH
      7       = 001C                 PC EQU 1CH
      8       = 001E                 CR EQU 1EH
      9
     10 1000  B0 80                  MOV AL,10000000b
     11 1002  E6 1E                  OUT CR,AL
     12                              ;MOV AL,0FFH
     13 1004  E6 18                  OUT PA,AL
     14 1006  E6 1A                  OUT PB,AL
     15 1008  E6 1C                  OUT PC,AL
     16 100A                         L1:
     17                              ;MOV CX,5000H
     18 100A  B0 FE                  MOV AL,11111110b
     19 100C                         L2:
     20 100C  E6 18                  OUT PA,AL
     21 100E  B9 5000                MOV CX,5000H
     22
     23 1011                         D:
     24 1011  E2 FE                  LOOP D
     25 1013  D0 C0                  ROL AL,1
     26 1015  72 F5                  JC L2
     27 1017  EB F1                  JMP L1
     28                              ;A1:
     29                              ;MOV SI,OFFSET Patt
     30                              ;MOV AL,[SI]
     31                              ;MOV AL,0FEH
     32                              ;OUT PA,AL
     33                              ;LOOP A1
     34                              ;STC
     35
     36                              ;INC SI
     37                              ;MOV AL,[SI]
     38                              ;OUT PA,AL
     39                              ;OUT PB,AL
     40
     41                              ;INC SI
     42                              ;MOV AL,[SI]
     43                              ;OUT PB,AL
     44                              ;LOOP A1
     45
     46
     47                              ;MOV AL,0FFH
     48                              ;OUT PA,AL
     49                              ;OUT PB,AL
     50                              ;MOV CX,9000H
     51                              ;D: LOOP D
     52                              ;JMP AA
     53
     54
     55
     56                              ;Patt DB 0FEH,11100111b,7FH
     57
     58 1019                         CODE ENDS
     59                              END
Turbo Assembler  Version 1.0        05/21/24 10:08:20         Page 2
Symbol Table


Symbol Name                       Type   Value

??DATE                            Text   "05/21/24"
??FILENAME                        Text   "NONAME2 "
??TIME                            Text   "10:08:20"
??VERSION                         Number 0100
@CPU                              Text   0101H
@CURSEG                           Text   CODE
@FILENAME                         Text   NONAME2
@WORDSIZE                         Text   2
CR                                Number 001E
D                                 Near   CODE:1011
L1                                Near   CODE:100A
L2                                Near   CODE:100C
PA                                Number 0018
PB                                Number 001A
PC                                Number 001C

Groups & Segments                 Bit Size Align  Combine Class

CODE                              16  1019 Para   none
